2025.11.21 22:04:26,507	INFO	1	org.classiclude.commons.util.IXmlReader	Network Config: ipconfig.xml doesn't exist using automatic configuration...
2025.11.21 22:04:26,697	INFO	1	org.classiclude.commons.util.IXmlReader	Network Config: Adding new subnet: 127.0.0.0/8 address: 127.0.0.1
2025.11.21 22:04:26,701	INFO	1	org.classiclude.commons.util.IXmlReader	Network Config: Adding new subnet: 192.168.1.0/24 address: 192.168.1.117
2025.11.21 22:04:26,702	INFO	1	org.classiclude.commons.util.IXmlReader	Network Config: Adding new subnet: 0.0.0.0/0 address: 185.190.179.125
2025.11.21 22:04:26,770	INFO	1	org.classiclude.Config	Loaded 6 Filter Words.
2025.11.21 22:04:26,842	INFO	1	org.classiclude.gameserver.GameServer	------------------------------------------------=[ Database ]
2025.11.21 22:04:27,184	INFO	1	org.classiclude.commons.database.DatabaseFactory	Database: HikariCP pool initialized successfully.
2025.11.21 22:04:27,654	INFO	1	org.classiclude.commons.database.DatabaseFactory	Database: Initialized with a valid connection.
2025.11.21 22:04:27,670	INFO	1	org.classiclude.gameserver.GameServer	----------------------------------------------=[ ThreadPool ]
2025.11.21 22:04:27,678	INFO	1	org.classiclude.commons.threads.ThreadPool	ThreadPool: Initialized
2025.11.21 22:04:27,678	INFO	1	org.classiclude.commons.threads.ThreadPool	...scheduled pool executor with 8 high priority threads.
2025.11.21 22:04:27,694	INFO	1	org.classiclude.commons.threads.ThreadPool	...scheduled pool executor with 32 total threads.
2025.11.21 22:04:27,695	INFO	1	org.classiclude.commons.threads.ThreadPool	...instant pool executor with 16 total threads.
2025.11.21 22:04:27,703	INFO	1	org.classiclude.gameserver.GameServer	-----------------------------------------------=[ IdManager ]
2025.11.21 22:04:27,820	INFO	1	org.classiclude.gameserver.instancemanager.IdManager	Updated characters online status.
2025.11.21 22:04:29,561	WARNING	1	org.classiclude.gameserver.instancemanager.IdManager	IdManager: Could not clean up database: java.sql.SQLSyntaxErrorException: Unknown column 'side' in 'field list'
2025.11.21 22:04:29,578	INFO	1	org.classiclude.gameserver.instancemanager.IdManager	IdManager: Cleaned 0 expired timestamps from database.
2025.11.21 22:04:29,623	INFO	1	org.classiclude.gameserver.instancemanager.IdManager	IdManager: 102912 id's available.
2025.11.21 22:04:29,623	INFO	1	org.classiclude.gameserver.GameServer	----------------------------------------=[ Scripting Engine ]
2025.11.21 22:04:30,291	INFO	1	org.classiclude.gameserver.scripting.ScriptEngineManager	Loaded 821 files to exclude.
2025.11.21 22:04:30,292	INFO	1	org.classiclude.gameserver.GameServer	--------------------------------------------------=[ Skills ]
2025.11.21 22:04:33,887	INFO	1	handlers.EffectMasterHandler	EffectMasterHandler: Loaded 377 effect handlers.
2025.11.21 22:04:34,009	INFO	1	org.classiclude.gameserver.data.xml.EnchantSkillGroupsData	EnchantSkillGroupsData: Loaded 30 enchant routes, max enchant set to 30.
2025.11.21 22:04:42,813	INFO	1	org.classiclude.gameserver.data.xml.SkillData	SkillData: Loaded 126695 Skills.
2025.11.21 22:04:43,875	INFO	1	org.classiclude.gameserver.data.xml.SkillTreeData	SkillTreeData: Loaded 13708 Class skills for 89 class skill trees.
2025.11.21 22:04:43,876	INFO	1	org.classiclude.gameserver.data.xml.SkillTreeData	SkillTreeData: Loaded 0 sub-class skills.
2025.11.21 22:04:43,876	INFO	1	org.classiclude.gameserver.data.xml.SkillTreeData	SkillTreeData: Loaded 0 dual-class skills.
2025.11.21 22:04:43,877	INFO	1	org.classiclude.gameserver.data.xml.SkillTreeData	SkillTreeData: Loaded 0 transfer skills for 0 transfer skill trees.
2025.11.21 22:04:43,877	INFO	1	org.classiclude.gameserver.data.xml.SkillTreeData	SkillTreeData: Loaded 0 race skills for 0 race skill trees.
2025.11.21 22:04:43,878	INFO	1	org.classiclude.gameserver.data.xml.SkillTreeData	SkillTreeData: Loaded 117 fishing skills, 8 Dwarven only fishing skills.
2025.11.21 22:04:43,878	INFO	1	org.classiclude.gameserver.data.xml.SkillTreeData	SkillTreeData: Loaded 0 collect skills.
2025.11.21 22:04:43,887	INFO	1	org.classiclude.gameserver.data.xml.SkillTreeData	SkillTreeData: Loaded 64 clan skills, 64 for clan and 0 residential.
2025.11.21 22:04:43,888	INFO	1	org.classiclude.gameserver.data.xml.SkillTreeData	SkillTreeData: Loaded 18 sub-pledge skills.
2025.11.21 22:04:43,889	INFO	1	org.classiclude.gameserver.data.xml.SkillTreeData	SkillTreeData: Loaded 32 transform skills.
2025.11.21 22:04:43,889	INFO	1	org.classiclude.gameserver.data.xml.SkillTreeData	SkillTreeData: Loaded 8 noble skills.
2025.11.21 22:04:43,889	INFO	1	org.classiclude.gameserver.data.xml.SkillTreeData	SkillTreeData: Loaded 5 hero skills.
2025.11.21 22:04:43,889	INFO	1	org.classiclude.gameserver.data.xml.SkillTreeData	SkillTreeData: Loaded 34 game master skills.
2025.11.21 22:04:43,890	INFO	1	org.classiclude.gameserver.data.xml.SkillTreeData	SkillTreeData: Loaded 1 game master aura skills.
2025.11.21 22:04:43,890	INFO	1	org.classiclude.gameserver.data.xml.SkillTreeData	SkillTreeData: Loaded 0 ability skills.
2025.11.21 22:04:43,890	INFO	1	org.classiclude.gameserver.data.xml.SkillTreeData	SkillTreeData: Loaded 0 alchemy skills.
2025.11.21 22:04:43,891	INFO	1	org.classiclude.gameserver.data.xml.SkillTreeData	SkillTreeData: Loaded 0 class awaken save skills.
2025.11.21 22:04:43,891	INFO	1	org.classiclude.gameserver.data.xml.SkillTreeData	SkillTreeData: Loaded 0 Revelation skills.
2025.11.21 22:04:43,891	INFO	1	org.classiclude.gameserver.data.xml.SkillTreeData	SkillTreeData: Loaded 16 common skills.
2025.11.21 22:04:43,944	INFO	1	org.classiclude.gameserver.data.xml.PetSkillData	PetSkillData: Loaded 1046 skills.
2025.11.21 22:04:43,945	INFO	1	org.classiclude.gameserver.GameServer	---------------------------------------------------=[ World ]
2025.11.21 22:04:44,092	INFO	1	org.classiclude.gameserver.instancemanager.MapRegionManager	MapRegionManager: Loaded 57 map regions.
2025.11.21 22:04:44,107	INFO	1	org.classiclude.gameserver.instancemanager.ZoneManager	ZoneManager 19 by 18 Zone Region Grid set up.
2025.11.21 22:04:44,467	WARNING	1	org.classiclude.gameserver.data.xml.ItemData	Dir C:\Users\elcam\Desktop\Classic Lude\Server Source\ClassicLude\dist\game\data\stats\items\custom does not exist.
2025.11.21 22:04:48,033	INFO	1	org.classiclude.gameserver.data.xml.ItemData	ItemData: Highest item id used: 90726
2025.11.21 22:04:48,046	INFO	1	org.classiclude.gameserver.data.xml.ItemData	ItemData: Loaded 21745 Etc Items
2025.11.21 22:04:48,046	INFO	1	org.classiclude.gameserver.data.xml.ItemData	ItemData: Loaded 11226 Armor Items
2025.11.21 22:04:48,046	INFO	1	org.classiclude.gameserver.data.xml.ItemData	ItemData: Loaded 8662 Weapon Items
2025.11.21 22:04:48,046	INFO	1	org.classiclude.gameserver.data.xml.ItemData	ItemData: Loaded 41633 Items in total.
2025.11.21 22:04:54,372	INFO	1	org.classiclude.gameserver.data.xml.NpcData	NpcData: Loaded 15173 NPCs.
2025.11.21 22:04:54,436	INFO	1	org.classiclude.gameserver.data.xml.NpcData	NpcData: Loaded 18 custom NPCs.
2025.11.21 22:04:54,443	INFO	1	org.classiclude.gameserver.instancemanager.GrandBossManager	GrandBossManager: Gigantic Chaos Golem(25512) status is 0.
2025.11.21 22:04:54,443	INFO	1	org.classiclude.gameserver.instancemanager.GrandBossManager	GrandBossManager: Queen Ant(29001) status is 0.
2025.11.21 22:04:54,444	INFO	1	org.classiclude.gameserver.instancemanager.GrandBossManager	GrandBossManager: Core(29006) status is 0.
2025.11.21 22:04:54,444	INFO	1	org.classiclude.gameserver.instancemanager.GrandBossManager	GrandBossManager: Orfen(29014) status is 0.
2025.11.21 22:04:54,444	INFO	1	org.classiclude.gameserver.instancemanager.GrandBossManager	GrandBossManager: Baium(29020) status is 0.
2025.11.21 22:04:54,444	INFO	1	org.classiclude.gameserver.instancemanager.GrandBossManager	GrandBossManager: Zaken(29022) status is 0.
2025.11.21 22:04:54,445	INFO	1	org.classiclude.gameserver.instancemanager.GrandBossManager	GrandBossManager: Valakas(29028) status is 0.
2025.11.21 22:04:54,445	INFO	1	org.classiclude.gameserver.instancemanager.GrandBossManager	GrandBossManager: Frintezza(29045) status is 0.
2025.11.21 22:04:54,445	INFO	1	org.classiclude.gameserver.instancemanager.GrandBossManager	GrandBossManager: Antharas(29068) status is 0.
2025.11.21 22:04:54,446	INFO	1	org.classiclude.gameserver.instancemanager.GrandBossManager	GrandBossManager: Loaded 9 Instances
2025.11.21 22:04:54,452	INFO	1	org.classiclude.gameserver.instancemanager.GrandBossManager	Adding BossZone with ID: 12003, Name: null
2025.11.21 22:04:54,453	INFO	1	org.classiclude.gameserver.instancemanager.GrandBossManager	Adding BossZone with ID: 12004, Name: null
2025.11.21 22:04:54,453	INFO	1	org.classiclude.gameserver.instancemanager.GrandBossManager	Adding BossZone with ID: 12005, Name: null
2025.11.21 22:04:54,453	INFO	1	org.classiclude.gameserver.instancemanager.GrandBossManager	Adding BossZone with ID: 12006, Name: null
2025.11.21 22:04:54,453	INFO	1	org.classiclude.gameserver.instancemanager.GrandBossManager	Adding BossZone with ID: 12007, Name: null
2025.11.21 22:04:54,454	INFO	1	org.classiclude.gameserver.instancemanager.GrandBossManager	Adding BossZone with ID: 12008, Name: null
2025.11.21 22:04:54,454	INFO	1	org.classiclude.gameserver.instancemanager.GrandBossManager	Adding BossZone with ID: 12009, Name: null
2025.11.21 22:04:54,454	INFO	1	org.classiclude.gameserver.instancemanager.GrandBossManager	Adding BossZone with ID: 12010, Name: null
2025.11.21 22:04:54,455	INFO	1	org.classiclude.gameserver.instancemanager.GrandBossManager	Adding BossZone with ID: 12011, Name: null
2025.11.21 22:04:54,455	INFO	1	org.classiclude.gameserver.instancemanager.GrandBossManager	Adding BossZone with ID: 12012, Name: null
2025.11.21 22:04:54,456	INFO	1	org.classiclude.gameserver.instancemanager.GrandBossManager	Adding BossZone with ID: 12014, Name: null
2025.11.21 22:04:54,456	INFO	1	org.classiclude.gameserver.instancemanager.GrandBossManager	Adding BossZone with ID: 12015, Name: null
2025.11.21 22:04:54,457	INFO	1	org.classiclude.gameserver.instancemanager.GrandBossManager	Adding BossZone with ID: 12016, Name: null
2025.11.21 22:04:54,955	INFO	1	org.classiclude.gameserver.instancemanager.ZoneManager	ZoneManager: Loaded 34 zone classes and 2789 zones.
2025.11.21 22:04:54,960	INFO	1	org.classiclude.gameserver.instancemanager.ZoneManager	ZoneManager: Last static id 200224.
2025.11.21 22:04:54,979	INFO	1	org.classiclude.gameserver.instancemanager.GrandBossManager	GrandBossManager: Initialized 13 Grand Boss Zones
2025.11.21 22:04:55,356	INFO	1	org.classiclude.gameserver.data.xml.DoorData	DoorData: Loaded 1180 doors.
2025.11.21 22:04:55,375	INFO	1	FenceData	FenceData: Loaded 1 fences.
2025.11.21 22:04:55,437	INFO	1	org.classiclude.gameserver.instancemanager.GlobalVariablesManager	GlobalVariablesManager: Loaded 8 variables.
2025.11.21 22:04:55,438	INFO	1	org.classiclude.gameserver.GameServer	----------------------------------------------------=[ Data ]
2025.11.21 22:04:55,454	INFO	1	org.classiclude.gameserver.data.xml.ActionData	ActionData: Loaded 242 player actions.
2025.11.21 22:04:55,491	INFO	1	org.classiclude.gameserver.data.xml.CategoryData	CategoryData: Loaded 215 categories.
2025.11.21 22:04:55,511	INFO	1	org.classiclude.gameserver.data.xml.SecondaryAuthData	SecondaryAuthData: Loaded 328 forbidden passwords.
2025.11.21 22:04:55,557	INFO	1	org.classiclude.gameserver.data.xml.CombinationItemsData	CombinationItemsData: Loaded 855 combinations.
2025.11.21 22:04:55,567	INFO	1	org.classiclude.gameserver.data.xml.SayuneData	SayuneData: Loaded 0 maps.
2025.11.21 22:04:55,794	INFO	1	handlers.DailyMissionMasterHandler	DailyMissionMasterHandler: Loaded 9 handlers.
2025.11.21 22:04:55,829	INFO	1	org.classiclude.gameserver.data.xml.DailyMissionData	DailyMissionData: Loaded 87 one day rewards.
2025.11.21 22:04:55,855	INFO	1	org.classiclude.gameserver.GameServer	---------------------------------------------=[ Vote System ]
2025.11.21 22:04:55,869	INFO	1	org.classiclude.gameserver.data.xml.VoteSiteData	Loaded 11 reward sites
2025.11.21 22:04:55,900	INFO	1	org.classiclude.gameserver.GameServer	---------------------------------------------------=[ Items ]
2025.11.21 22:04:56,091	INFO	1	org.classiclude.gameserver.data.xml.EnchantItemGroupsData	EnchantItemGroupsData: Loaded 4 item group templates.
2025.11.21 22:04:56,091	INFO	1	org.classiclude.gameserver.data.xml.EnchantItemGroupsData	EnchantItemGroupsData: Loaded 1 scroll group templates.
2025.11.21 22:04:56,092	INFO	1	org.classiclude.gameserver.data.xml.EnchantItemGroupsData	EnchantItemGroupsData: Max weapon enchant is set to 30.
2025.11.21 22:04:56,092	INFO	1	org.classiclude.gameserver.data.xml.EnchantItemGroupsData	EnchantItemGroupsData: Max armor enchant is set to 30.
2025.11.21 22:04:56,092	INFO	1	org.classiclude.gameserver.data.xml.EnchantItemGroupsData	EnchantItemGroupsData: Max accessory enchant is set to 30.
2025.11.21 22:04:56,119	INFO	1	org.classiclude.gameserver.data.xml.EnchantItemData	EnchantItemData: Loaded 247 enchant scrolls.
2025.11.21 22:04:56,120	INFO	1	org.classiclude.gameserver.data.xml.EnchantItemData	EnchantItemData: Loaded 100 support items.
2025.11.21 22:04:58,649	INFO	1	org.classiclude.gameserver.data.xml.OptionData	OptionData: Loaded 34053 options.
2025.11.21 22:04:58,675	INFO	1	org.classiclude.gameserver.data.xml.EnchantItemOptionsData	EnchantItemOptionsData: Loaded 60 items and 1491 options.
2025.11.21 22:04:58,688	INFO	1	org.classiclude.commons.util.IXmlReader	ElementalAttributeData: Loaded 0 elemental attribute items.
2025.11.21 22:04:58,698	INFO	1	org.classiclude.gameserver.data.xml.ItemCrystallizationData	ItemCrystallizationData: Loaded 12 crystallization templates.
2025.11.21 22:04:58,699	INFO	1	org.classiclude.gameserver.data.xml.ItemCrystallizationData	ItemCrystallizationData: Loaded 0 pre-defined crystallizable items.
2025.11.21 22:04:58,712	INFO	1	org.classiclude.gameserver.data.xml.ItemCrystallizationData	ItemCrystallizationData: Generated 0 crystallizable items from templates.
2025.11.21 22:04:58,900	INFO	1	VariationData	VariationData: Loaded 120 variations.
2025.11.21 22:04:58,900	INFO	1	VariationData	VariationData: Loaded 4717 fees.
2025.11.21 22:04:58,910	INFO	1	org.classiclude.gameserver.data.xml.EnchantItemHPBonusData	EnchantItemHPBonusData: Loaded 11 enchant HP bonuses.
2025.11.21 22:05:02,103	INFO	1	org.classiclude.gameserver.data.xml.BuyListData	BuyListData: Loaded 842 buyLists.
2025.11.21 22:05:03,178	INFO	1	org.classiclude.gameserver.data.xml.MultisellData	MultisellData: Loaded 189 multisell lists.
2025.11.21 22:05:03,275	INFO	1	org.classiclude.gameserver.data.xml.RecipeData	RecipeData: Loaded 870 recipes.
2025.11.21 22:05:03,358	INFO	1	org.classiclude.gameserver.data.xml.ArmorSetData	ArmorSetData: Loaded 317 armor sets.
2025.11.21 22:05:03,384	INFO	1	org.classiclude.commons.util.IXmlReader	FishData: Loaded 278 fishes.
2025.11.21 22:05:03,396	INFO	1	org.classiclude.commons.util.IXmlReader	FishingMonstersData: Loaded 8 fishing monsters.
2025.11.21 22:05:03,404	INFO	1	org.classiclude.commons.util.IXmlReader	FishingRodsData: Loaded 6 fishing rods.
2025.11.21 22:05:03,488	INFO	1	org.classiclude.gameserver.data.xml.HennaData	HennaData: Loaded 372 henna data.
2025.11.21 22:05:03,502	INFO	1	org.classiclude.gameserver.data.xml.PrimeShopData	PrimeShopData: Loaded 6 items.
2025.11.21 22:05:03,567	INFO	1	org.classiclude.gameserver.data.xml.AppearanceItemData	AppearanceItemData: Loaded 1216 stones.
2025.11.21 22:05:03,603	INFO	1	org.classiclude.gameserver.data.xml.AttendanceRewardData	AttendanceRewardData: Disabled.
2025.11.21 22:05:03,614	INFO	1	org.classiclude.gameserver.data.xml.VipData	VipData: Loaded 8 vips.
2025.11.21 22:05:03,618	INFO	1	org.classiclude.gameserver.GameServer	----------------------------------------------=[ Characters ]
2025.11.21 22:05:03,631	INFO	1	org.classiclude.gameserver.data.xml.ClassListData	ClassListData: Loaded 153 class data.
2025.11.21 22:05:03,648	INFO	1	org.classiclude.gameserver.data.xml.InitialEquipmentData	InitialEquipmentData: Loaded 9 initial equipment data.
2025.11.21 22:05:03,664	INFO	1	org.classiclude.gameserver.data.xml.InitialShortcutData	InitialShortcutData: Loaded 5 initial global shortcuts data.
2025.11.21 22:05:03,664	INFO	1	org.classiclude.gameserver.data.xml.InitialShortcutData	InitialShortcutData: Loaded 4 initial shortcuts data.
2025.11.21 22:05:03,665	INFO	1	org.classiclude.gameserver.data.xml.InitialShortcutData	InitialShortcutData: Loaded 0 macro presets.
2025.11.21 22:05:03,676	INFO	1	org.classiclude.gameserver.data.xml.ExperienceData	ExperienceData: Loaded 81 levels.
2025.11.21 22:05:03,677	INFO	1	org.classiclude.gameserver.data.xml.ExperienceData	ExperienceData: Max Player Level is 80.
2025.11.21 22:05:03,677	INFO	1	org.classiclude.gameserver.data.xml.ExperienceData	ExperienceData: Max Pet Level is 80.
2025.11.21 22:05:03,697	INFO	1	org.classiclude.gameserver.data.xml.KarmaData	KarmaData: Loaded 80 karma modifiers.
2025.11.21 22:05:03,705	INFO	1	org.classiclude.gameserver.data.xml.HitConditionBonusData	HitConditionBonusData: Loaded hit condition bonuses.
2025.11.21 22:05:04,396	INFO	1	org.classiclude.gameserver.data.xml.PlayerTemplateData	PlayerTemplateData: Loaded 89 character templates.
2025.11.21 22:05:04,396	INFO	1	org.classiclude.gameserver.data.xml.PlayerTemplateData	PlayerTemplateData: Loaded 42720 level up gain records.
2025.11.21 22:05:04,406	INFO	1	org.classiclude.gameserver.data.sql.CharInfoTable	CharInfoTable: Loaded 10 char names.
2025.11.21 22:05:04,440	INFO	1	org.classiclude.gameserver.data.sql.PartyMatchingHistoryTable	PartyMatchingHistoryTable: Loaded 0 party matching history data.
2025.11.21 22:05:04,453	INFO	1	org.classiclude.gameserver.data.xml.AdminData	AdminData: Loaded 10 access levels.
2025.11.21 22:05:04,463	INFO	1	org.classiclude.gameserver.data.xml.AdminData	AdminData: Loaded 460 access commands.
2025.11.21 22:05:05,520	INFO	1	org.classiclude.gameserver.data.xml.PetDataTable	PetDataTable: Loaded 56 pets.
2025.11.21 22:05:05,613	INFO	1	org.classiclude.gameserver.data.xml.CubicData	CubicData: Loaded 21 cubics.
2025.11.21 22:05:06,751	INFO	1	org.classiclude.gameserver.instancemanager.CaptchaManager	CaptchaManager: Enabled.
2025.11.21 22:05:06,827	INFO	1	org.classiclude.gameserver.GameServer	---------------------------------------------------=[ Clans ]
2025.11.21 22:05:06,858	INFO	1	org.classiclude.gameserver.communitybbs.Manager.ForumsBBSManager	ForumsBBSManager: Loaded 5 forums. Last forum id used: 5
2025.11.21 22:05:06,896	INFO	1	org.classiclude.gameserver.data.sql.ClanTable	ClanTable: Restored 1 clans from the database.
2025.11.21 22:05:06,911	INFO	1	org.classiclude.gameserver.data.xml.ResidenceFunctionsData	ResidenceFunctionsData: Loaded 8 functions.
2025.11.21 22:05:07,222	INFO	1	org.classiclude.gameserver.data.xml.ClanHallData	ClanHallData: Succesfully loaded 38 clan halls.
2025.11.21 22:05:07,228	INFO	1	org.classiclude.gameserver.instancemanager.ClanHallAuctionManager	ClanHallAuctionManager: Clan Hall Auction has started!
2025.11.21 22:05:07,274	INFO	1	org.classiclude.gameserver.GameServer	-------------------------------------------------=[ Geodata ]
2025.11.21 22:05:10,481	INFO	1	org.classiclude.gameserver.geoengine.GeoEngine	GeoEngine: Loaded 166 regions.
2025.11.21 22:05:10,481	INFO	1	org.classiclude.gameserver.GameServer	----------------------------------------------------=[ NPCs ]
2025.11.21 22:05:10,518	INFO	1	org.classiclude.gameserver.data.xml.LevelUpCrystalData	Soul crystal data : Loaded 39
2025.11.21 22:05:10,518	INFO	1	org.classiclude.gameserver.data.xml.LevelUpCrystalData	Npc leveling crystal data : Loaded 125
2025.11.21 22:05:10,522	INFO	1	org.classiclude.gameserver.data.xml.FakePlayerData	FakePlayerData: Disabled.
2025.11.21 22:05:10,527	INFO	1	org.classiclude.gameserver.instancemanager.FakePlayerChatManager	FakePlayerChatManager: Disabled.
2025.11.21 22:05:11,504	INFO	1	org.classiclude.gameserver.data.xml.SpawnData	SpawnData: Loaded 23620 spawns
2025.11.21 22:05:20,024	INFO	1	org.classiclude.gameserver.instancemanager.WalkingManager	WalkingManager: Loaded 13 walking routes.
2025.11.21 22:05:20,046	INFO	1	org.classiclude.gameserver.data.xml.StaticObjectData	StaticObjectData: Loaded 86 static object templates.
2025.11.21 22:05:20,052	INFO	1	org.classiclude.gameserver.instancemanager.ItemAuctionManager	ItemAuctionManager: Disabled.
2025.11.21 22:05:20,075	INFO	1	org.classiclude.gameserver.instancemanager.CastleManager	CastleManager: Loaded 9 castles.
2025.11.21 22:05:20,131	INFO	1	org.classiclude.gameserver.data.SchemeBufferTable	SchemeBufferTable: Loaded 1 players schemes and 60 available buffs.
2025.11.21 22:05:20,135	INFO	1	org.classiclude.gameserver.GameServer	------------------------------------------------=[ Instance ]
2025.11.21 22:05:20,148	INFO	1	org.classiclude.gameserver.instancemanager.InstanceManager	InstanceManager: Loaded 267 instance names.
2025.11.21 22:05:20,223	INFO	1	org.classiclude.gameserver.instancemanager.InstanceManager	InstanceManager: Loaded 7 instance templates.
2025.11.21 22:05:20,224	INFO	1	org.classiclude.gameserver.instancemanager.InstanceManager	InstanceManager: Loaded instance reenter times for 0 players.
2025.11.21 22:05:20,227	INFO	1	org.classiclude.gameserver.GameServer	------------------------------------------------=[ Olympiad ]
2025.11.21 22:05:20,262	INFO	1	org.classiclude.gameserver.model.olympiad.Olympiad	Olympiad System: Loading....
2025.11.21 22:05:20,262	INFO	1	org.classiclude.gameserver.model.olympiad.Olympiad	Olympiad System: Currently in Olympiad Period
2025.11.21 22:05:20,263	INFO	1	org.classiclude.gameserver.model.olympiad.Olympiad	Olympiad System: 3 days, 13 hours and 54 mins until period ends.
2025.11.21 22:05:20,263	INFO	1	org.classiclude.gameserver.model.olympiad.Olympiad	Olympiad System: Next weekly change is in 0 days, 5 hours and 25 mins.
2025.11.21 22:05:20,263	INFO	1	org.classiclude.gameserver.model.olympiad.Olympiad	Olympiad System: Loaded 0 Nobles
2025.11.21 22:05:20,276	INFO	1	org.classiclude.gameserver.model.olympiad.Olympiad	Olympiad System: Competition Period Starts in 0 days, 0 hours and 0 mins.
2025.11.21 22:05:20,296	INFO	1	org.classiclude.gameserver.model.olympiad.Olympiad	Olympiad System: Event starts/started: Fri Nov 21 18:00:20 CET 2025
2025.11.21 22:05:20,304	INFO	1	org.classiclude.gameserver.model.olympiad.Hero	Hero System: Loaded 0 Heroes.
2025.11.21 22:05:20,304	INFO	1	org.classiclude.gameserver.model.olympiad.Hero	Hero System: Loaded 0 all time Heroes.
2025.11.21 22:05:20,304	INFO	1	org.classiclude.gameserver.GameServer	---------------------------------------------------=[ Cache ]
2025.11.21 22:05:20,310	INFO	1	org.classiclude.gameserver.cache.HtmCache	Html cache start...
2025.11.21 22:05:20,322	INFO	59	org.classiclude.gameserver.model.olympiad.Olympiad	Olympiad System: Olympiad Games have started.
2025.11.21 22:05:21,636	INFO	59	org.classiclude.gameserver.instancemanager.DBSpawnManager	DBSpawnManager: Loaded 189 instances.
2025.11.21 22:05:21,636	INFO	59	org.classiclude.gameserver.instancemanager.DBSpawnManager	DBSpawnManager: Scheduled 0 instances.
2025.11.21 22:05:21,938	INFO	59	org.classiclude.gameserver.model.olympiad.OlympiadGameManager	Olympiad System: Loaded 80 stadiums.
2025.11.21 22:05:38,165	INFO	1	org.classiclude.gameserver.cache.HtmCache	Cache[HTML]: 9,409 megabytes on 20397 files loaded.
2025.11.21 22:05:38,187	INFO	1	org.classiclude.gameserver.data.sql.CrestTable	CrestTable: Loaded 0 Crests.
2025.11.21 22:05:38,574	INFO	1	org.classiclude.gameserver.data.xml.TeleporterData	TeleporterData: Loaded 121 npc teleporters.
2025.11.21 22:05:38,600	INFO	1	org.classiclude.gameserver.instancemanager.CursedWeaponsManager	CursedWeaponsManager: Loaded 2 cursed weapons.
2025.11.21 22:05:39,630	INFO	1	org.classiclude.gameserver.data.xml.TransformData	TransformData: Loaded 174 transform templates.
2025.11.21 22:05:39,653	INFO	1	org.classiclude.gameserver.data.BotReportTable	BotReportTable: Loaded 0 bot reports
2025.11.21 22:05:39,655	INFO	1	org.classiclude.gameserver.GameServer	-------------------------------------------------=[ Scripts ]
2025.11.21 22:05:39,690	INFO	1	org.classiclude.gameserver.instancemanager.AirShipManager	AirShipManager: Loaded 0 private airships
2025.11.21 22:05:39,721	INFO	1	org.classiclude.gameserver.data.xml.ShuttleData	ShuttleData: Loaded 1 shuttles.
2025.11.21 22:05:39,721	INFO	1	org.classiclude.gameserver.GameServer	GameServer: Loading server scripts:
2025.11.21 22:05:40,874	INFO	1	handlers.MasterHandler	Loading Handlers...
2025.11.21 22:05:41,130	INFO	1	handlers.MasterHandler	ActionHandler: Loaded 10 handlers.
2025.11.21 22:05:41,130	INFO	1	handlers.MasterHandler	ActionShiftHandler: Loaded 6 handlers.
2025.11.21 22:05:41,130	INFO	1	handlers.MasterHandler	AdminCommandHandler: Loaded 452 handlers.
2025.11.21 22:05:41,130	INFO	1	handlers.MasterHandler	BypassHandler: Loaded 42 handlers.
2025.11.21 22:05:41,130	INFO	1	handlers.MasterHandler	ChatHandler: Loaded 14 handlers.
2025.11.21 22:05:41,130	INFO	1	handlers.MasterHandler	CommunityBoardHandler: Loaded 26 handlers.
2025.11.21 22:05:41,131	INFO	1	handlers.MasterHandler	ItemHandler: Loaded 31 handlers.
2025.11.21 22:05:41,131	INFO	1	handlers.MasterHandler	PunishmentHandler: Loaded 3 handlers.
2025.11.21 22:05:41,131	INFO	1	handlers.MasterHandler	UserCommandHandler: Loaded 16 handlers.
2025.11.21 22:05:41,131	INFO	1	handlers.MasterHandler	VoicedCommandHandler: Loaded 14 handlers.
2025.11.21 22:05:41,131	INFO	1	handlers.MasterHandler	TargetHandler: Loaded 21 handlers.
2025.11.21 22:05:41,131	INFO	1	handlers.MasterHandler	AffectObjectHandler: Loaded 11 handlers.
2025.11.21 22:05:41,131	INFO	1	handlers.MasterHandler	AffectScopeHandler: Loaded 19 handlers.
2025.11.21 22:05:41,131	INFO	1	handlers.MasterHandler	PlayerActionHandler: Loaded 24 handlers.
2025.11.21 22:05:41,131	INFO	1	handlers.MasterHandler	Handlers Loaded...
2025.11.21 22:06:10,967	INFO	1	ai.areas.ImperialTomb.FourSepulchers.FourSepulchers	[Four Sepulchers] Loaded 762 spawn zones data.
2025.11.21 22:06:11,130	INFO	1	ai.others.ClassMaster.ClassMaster	ClassMaster: Loaded 1 class change options.
2025.11.21 22:06:11,173	INFO	1	org.classiclude.gameserver.model.sevensigns.SevenSigns	SevenSigns: Currently in the Competition (Quest Event) period!
2025.11.21 22:06:11,174	INFO	1	org.classiclude.gameserver.model.sevensigns.SevenSigns	SevenSigns: The Seal of Avarice remains unclaimed.
2025.11.21 22:06:11,174	INFO	1	org.classiclude.gameserver.model.sevensigns.SevenSigns	SevenSigns: The Seal of Gnosis remains unclaimed.
2025.11.21 22:06:11,174	INFO	1	org.classiclude.gameserver.model.sevensigns.SevenSigns	SevenSigns: The Seal of Strife remains unclaimed.
2025.11.21 22:06:11,174	INFO	1	org.classiclude.gameserver.model.sevensigns.SevenSigns	SevenSigns: The competition, if the current trend continues, will end in a tie this week.
2025.11.21 22:06:11,174	INFO	1	org.classiclude.gameserver.model.sevensigns.SevenSigns	SevenSigns: Next period change set to Mon Nov 24 18:00:11 CET 2025
2025.11.21 22:06:11,177	INFO	1	org.classiclude.gameserver.model.sevensigns.SevenSigns	SevenSigns: Next period begins in 2 days, 19 hours and 53 mins.
2025.11.21 22:06:11,220	INFO	1	org.classiclude.commons.util.IXmlReader	NpcBuffersData: Loaded 10 buffers data.
2025.11.21 22:06:11,276	INFO	1	org.classiclude.gameserver.instancemanager.QuestManager	Replaced script ToIVortex with a new version!
2025.11.21 22:06:11,431	INFO	1	org.classiclude.gameserver.model.quest.Quest	Event Happy Hours has passed... Ignored 
2025.11.21 22:06:11,440	INFO	1	org.classiclude.gameserver.model.quest.Quest	Event Merry Squashmas Event has passed... Ignored 
2025.11.21 22:06:11,447	INFO	1	org.classiclude.gameserver.model.quest.Quest	Event Rudolphs Blessing has passed... Ignored 
2025.11.21 22:06:11,456	INFO	1	org.classiclude.gameserver.model.quest.Quest	Event Squash Event has passed... Ignored 
2025.11.21 22:06:11,463	INFO	1	org.classiclude.gameserver.model.quest.Quest	Event The Power Of Love has passed... Ignored 
2025.11.21 22:06:11,473	INFO	1	org.classiclude.gameserver.model.quest.Quest	Event Watermelon Ninja has passed... Ignored 
2025.11.21 22:06:12,402	INFO	1	org.classiclude.gameserver.data.xml.SpawnData	SpawnData: Initializing spawns...
2025.11.21 22:06:20,234	INFO	1	org.classiclude.gameserver.data.xml.SpawnData	SpawnData: All spawns has been initialized!
2025.11.21 22:06:20,278	INFO	1	org.classiclude.gameserver.instancemanager.DimensionalRiftManager	DimensionalRiftManager: Loaded 7 room types with 56 rooms.
2025.11.21 22:06:20,293	INFO	1	org.classiclude.gameserver.instancemanager.DimensionalRiftManager	DimensionalRiftManager: Loaded 462 dimensional rift spawns, 0 errors.
2025.11.21 22:06:20,293	INFO	1	org.classiclude.gameserver.GameServer	---------------------------------------------------=[ Siege ]
2025.11.21 22:06:20,319	INFO	1	org.classiclude.gameserver.data.xml.SiegeScheduleData	SiegeScheduleData: Loaded 9 siege schedulers.
2025.11.21 22:06:20,320	INFO	1	org.classiclude.gameserver.model.siege.Siege	Siege of Gludio: Sun Nov 30 16:00:00 CET 2025
2025.11.21 22:06:20,324	INFO	1	org.classiclude.gameserver.model.siege.Siege	Siege of Dion: Sun Nov 30 20:00:00 CET 2025
2025.11.21 22:06:20,328	INFO	1	org.classiclude.gameserver.model.siege.Siege	Siege of Giran: Sun Nov 30 16:00:00 CET 2025
2025.11.21 22:06:20,329	INFO	1	org.classiclude.gameserver.model.siege.Siege	Siege of Oren: Sun Nov 30 20:00:00 CET 2025
2025.11.21 22:06:20,330	INFO	1	org.classiclude.gameserver.model.siege.Siege	Siege of Aden: Sun Nov 30 16:00:00 CET 2025
2025.11.21 22:06:20,332	INFO	1	org.classiclude.gameserver.model.siege.Siege	Siege of Innadril: Sun Nov 30 20:00:00 CET 2025
2025.11.21 22:06:20,334	INFO	1	org.classiclude.gameserver.model.siege.Siege	Siege of Goddard: Sun Nov 30 16:00:00 CET 2025
2025.11.21 22:06:20,336	INFO	1	org.classiclude.gameserver.model.siege.Siege	Siege of Rune: Sun Nov 30 20:00:00 CET 2025
2025.11.21 22:06:20,337	INFO	1	org.classiclude.gameserver.model.siege.Siege	Siege of Schuttgart: Sun Nov 30 16:00:00 CET 2025
2025.11.21 22:06:20,370	INFO	1	org.classiclude.gameserver.instancemanager.CastleManorManager	CastleManorManager: Loaded 258 seeds.
2025.11.21 22:06:20,416	INFO	1	org.classiclude.gameserver.instancemanager.CastleManorManager	CastleManorManager: Manor data loaded.
2025.11.21 22:06:20,448	INFO	1	org.classiclude.gameserver.instancemanager.SiegeGuardManager	SiegeGuardManager: Loaded 0 siege guards tickets.
2025.11.21 22:06:20,448	INFO	1	org.classiclude.gameserver.instancemanager.QuestManager	QuestManager: Loaded 340 quests.
2025.11.21 22:06:20,449	INFO	1	org.classiclude.gameserver.instancemanager.QuestManager	QuestManager: Loaded 130 scripts.
2025.11.21 22:06:20,479	INFO	1	org.classiclude.gameserver.instancemanager.games.MonsterRaceManager	MonsterRace: loaded 104 records, currently on race #105
2025.11.21 22:06:20,562	INFO	1	org.classiclude.gameserver.taskmanager.TaskManager	TaskManager: Loaded 6 Tasks.
2025.11.21 22:06:20,567	INFO	1	org.classiclude.gameserver.instancemanager.DailyResetManager	DailyResetManager: Next schedule at 22/11/2025 06:30:00.
2025.11.21 22:06:20,699	INFO	1	org.classiclude.gameserver.model.sevensigns.SevenSignsFestival	SevenSignsFestival: The first Festival of Darkness cycle begins in 2 minute(s).
2025.11.21 22:06:20,699	INFO	1	org.classiclude.gameserver.GameServer	AutoSpawnHandler: Loaded 121 handlers in total.
2025.11.21 22:06:20,707	INFO	1	org.classiclude.gameserver.instancemanager.MailManager	MailManager: Loaded 0 messages.
2025.11.21 22:06:20,733	INFO	1	org.classiclude.gameserver.instancemanager.PunishmentManager	PunishmentManager: Loaded 0 active and 0 expired punishments.
2025.11.21 22:06:20,737	INFO	1	org.classiclude.gameserver.GameServer	IdManager: Free ObjectID's remaining: 1879006065
2025.11.21 22:06:20,742	INFO	1	org.classiclude.gameserver.data.sql.OfflineTraderTable	OfflineTraderTable: Loading offline traders...
2025.11.21 22:06:20,743	INFO	1	org.classiclude.gameserver.data.sql.OfflineTraderTable	OfflineTraderTable: Loaded 0 offline traders.
2025.11.21 22:06:23,749	INFO	1	org.classiclude.gameserver.GameServer	GameServer: Started, using 2058 of 4088 MB total memory.
2025.11.21 22:06:23,750	INFO	1	org.classiclude.gameserver.GameServer	GameServer: Maximum number of connected players is 2000.
2025.11.21 22:06:23,750	INFO	1	org.classiclude.gameserver.GameServer	GameServer: Server loaded in 118 seconds.
2025.11.21 22:06:23,848	INFO	132	org.classiclude.gameserver.LoginServerThread	LoginServerThread: Connecting to login on 127.0.0.1:9014
2025.11.21 22:06:23,851	WARNING	132	org.classiclude.gameserver.LoginServerThread	LoginServerThread: LoginServer not available, trying to reconnect...
2025.11.21 22:06:28,852	INFO	132	org.classiclude.gameserver.LoginServerThread	LoginServerThread: Connecting to login on 127.0.0.1:9014
2025.11.21 22:06:28,852	WARNING	132	org.classiclude.gameserver.LoginServerThread	LoginServerThread: LoginServer not available, trying to reconnect...
2025.11.21 22:06:33,854	INFO	132	org.classiclude.gameserver.LoginServerThread	LoginServerThread: Connecting to login on 127.0.0.1:9014
2025.11.21 22:06:33,934	INFO	132	org.classiclude.gameserver.LoginServerThread	LoginServerThread: Registered on login as Server 1: Bartz
2025.11.21 22:07:21,271	WARNING	82	org.classiclude.gameserver.model.actor.Creature	Master access level set for character Admin! Just a warning to be careful ;)
2025.11.21 22:07:21,346	WARNING	82	org.classiclude.gameserver.model.itemcontainer.Inventory	Could not restore item 90728 for Player:Admin[268476140]
2025.11.21 22:07:21,347	WARNING	82	org.classiclude.gameserver.model.itemcontainer.Inventory	Could not restore item 90727 for Player:Admin[268476140]
2025.11.21 22:10:24,774	INFO	37	org.classiclude.gameserver.cache.HtmCache	Html cache start...
2025.11.21 22:10:35,909	INFO	37	org.classiclude.gameserver.cache.HtmCache	Cache[HTML]: 9,537 megabytes on 20397 files loaded.
2025.11.21 22:11:28,637	INFO	37	org.classiclude.gameserver.cache.HtmCache	Html cache start...
2025.11.21 22:11:40,104	INFO	37	org.classiclude.gameserver.cache.HtmCache	Cache[HTML]: 9,664 megabytes on 20397 files loaded.
2025.11.21 22:13:34,215	WARNING	89	org.classiclude.gameserver.model.actor.Creature	Master access level set for character Admin! Just a warning to be careful ;)
2025.11.21 22:13:34,263	WARNING	89	org.classiclude.gameserver.model.itemcontainer.Inventory	Could not restore item 90728 for Player:Admin[268476140]
2025.11.21 22:13:34,265	WARNING	89	org.classiclude.gameserver.model.itemcontainer.Inventory	Could not restore item 90727 for Player:Admin[268476140]
2025.11.21 22:17:02,344	WARNING	37	org.classiclude.gameserver.Shutdown	Server scheduled restart issued shutdown command. Shutdown in 1 seconds!
2025.11.21 22:17:03,346	WARNING	151	org.classiclude.gameserver.Shutdown	GM shutdown countdown is over. shutting down NOW!
2025.11.21 22:17:03,348	INFO	151	org.classiclude.gameserver.Shutdown	All players disconnected and saved(1ms).
2025.11.21 22:17:03,348	INFO	151	org.classiclude.gameserver.Shutdown	VipExpirationTaskManager: Tareas detenidas (0ms).
2025.11.21 22:17:03,348	INFO	151	org.classiclude.gameserver.Shutdown	Game Time Task Manager: Thread interruped(0ms).
2025.11.21 22:17:03,348	INFO	151	org.classiclude.commons.threads.ThreadPool	ThreadPool: Shutting down.
2025.11.21 22:17:03,351	INFO	151	org.classiclude.gameserver.Shutdown	Thread Pool Manager: Manager has been shut down(3ms).
2025.11.21 22:17:03,352	INFO	151	org.classiclude.gameserver.Shutdown	Login Server Thread: Thread interruped(1ms).
2025.11.21 22:17:03,352	INFO	151	org.classiclude.gameserver.Shutdown	GM shutdown received. Shutting down NOW!
2025.11.21 22:17:03,495	INFO	151	org.classiclude.gameserver.Shutdown	RaidBossSpawnManager: All raidboss info saved(143ms).
2025.11.21 22:17:03,502	INFO	151	org.classiclude.gameserver.Shutdown	GrandBossManager: All Grand Boss info saved(7ms).
2025.11.21 22:17:03,502	INFO	151	org.classiclude.gameserver.Shutdown	Item Auction Manager: All tasks stopped(0ms).
2025.11.21 22:17:03,505	INFO	151	org.classiclude.gameserver.Shutdown	Olympiad System: Data saved(3ms).
2025.11.21 22:17:03,506	INFO	151	org.classiclude.gameserver.Shutdown	Hero System: Data saved(1ms).
2025.11.21 22:17:03,508	INFO	151	org.classiclude.gameserver.Shutdown	Clan System: Data saved(2ms).
2025.11.21 22:17:03,511	INFO	151	org.classiclude.gameserver.Shutdown	Cursed Weapons Manager: Data saved(3ms).
2025.11.21 22:17:03,515	INFO	151	org.classiclude.gameserver.Shutdown	Castle Manor Manager: Data saved(4ms).
2025.11.21 22:17:03,516	INFO	151	org.classiclude.gameserver.Shutdown	Quest Manager: Data saved(1ms).
2025.11.21 22:17:03,534	INFO	151	org.classiclude.gameserver.instancemanager.GlobalVariablesManager	GlobalVariablesManager: Stored 8 variables.
2025.11.21 22:17:03,535	INFO	151	org.classiclude.gameserver.Shutdown	Global Variables Manager: Variables saved(19ms).
2025.11.21 22:17:03,536	INFO	151	org.classiclude.gameserver.Shutdown	Party Matching History Table: Data saved(1ms).
2025.11.21 22:17:03,555	INFO	151	org.classiclude.gameserver.Shutdown	SchemeBufferTable data has been saved.
2025.11.21 22:17:03,557	INFO	151	org.classiclude.gameserver.Shutdown	Bot Report Table: Successfully saved reports to database!
2025.11.21 22:17:03,566	INFO	151	org.classiclude.gameserver.Shutdown	Vote data has been saved
2025.11.21 22:17:03,568	INFO	151	org.classiclude.gameserver.Shutdown	Fishing Championship data has been saved.
2025.11.21 22:17:03,568	INFO	151	org.classiclude.gameserver.Shutdown	Vote data has been saved
2025.11.21 22:17:08,573	INFO	151	org.classiclude.commons.database.DatabaseFactory	Database: HikariCP pool closed successfully.
2025.11.21 22:17:08,574	INFO	151	org.classiclude.gameserver.Shutdown	Database Factory: Database connection has been shut down(5ms).
2025.11.21 22:17:08,574	INFO	151	org.classiclude.gameserver.Shutdown	The server has been successfully shut down in 5seconds.
