2025.11.19 16:06:55,021	INFO	1	org.classiclude.commons.util.IXmlReader	Network Config: ipconfig.xml doesn't exist using automatic configuration...
2025.11.19 16:06:55,183	INFO	1	org.classiclude.commons.util.IXmlReader	Network Config: Adding new subnet: 127.0.0.0/8 address: 127.0.0.1
2025.11.19 16:06:55,187	INFO	1	org.classiclude.commons.util.IXmlReader	Network Config: Adding new subnet: 192.168.1.0/24 address: 192.168.1.117
2025.11.19 16:06:55,187	INFO	1	org.classiclude.commons.util.IXmlReader	Network Config: Adding new subnet: 0.0.0.0/0 address: 185.190.179.125
2025.11.19 16:06:55,240	INFO	1	org.classiclude.Config	Loaded 6 Filter Words.
2025.11.19 16:06:55,287	INFO	1	org.classiclude.gameserver.GameServer	------------------------------------------------=[ Database ]
2025.11.19 16:06:55,578	INFO	1	org.classiclude.commons.database.DatabaseFactory	Database: HikariCP pool initialized successfully.
2025.11.19 16:06:55,986	INFO	1	org.classiclude.commons.database.DatabaseFactory	Database: Initialized with a valid connection.
2025.11.19 16:06:56,006	INFO	1	org.classiclude.gameserver.GameServer	----------------------------------------------=[ ThreadPool ]
2025.11.19 16:06:56,011	INFO	1	org.classiclude.commons.threads.ThreadPool	ThreadPool: Initialized
2025.11.19 16:06:56,012	INFO	1	org.classiclude.commons.threads.ThreadPool	...scheduled pool executor with 8 high priority threads.
2025.11.19 16:06:56,022	INFO	1	org.classiclude.commons.threads.ThreadPool	...scheduled pool executor with 32 total threads.
2025.11.19 16:06:56,023	INFO	1	org.classiclude.commons.threads.ThreadPool	...instant pool executor with 16 total threads.
2025.11.19 16:06:56,031	INFO	1	org.classiclude.gameserver.GameServer	-----------------------------------------------=[ IdManager ]
2025.11.19 16:06:56,074	INFO	1	org.classiclude.gameserver.instancemanager.IdManager	Updated characters online status.
2025.11.19 16:06:57,078	WARNING	1	org.classiclude.gameserver.instancemanager.IdManager	IdManager: Could not clean up database: java.sql.SQLSyntaxErrorException: Unknown column 'side' in 'field list'
2025.11.19 16:06:57,091	INFO	1	org.classiclude.gameserver.instancemanager.IdManager	IdManager: Cleaned 0 expired timestamps from database.
2025.11.19 16:06:57,118	INFO	1	org.classiclude.gameserver.instancemanager.IdManager	IdManager: 102912 id's available.
2025.11.19 16:06:57,118	INFO	1	org.classiclude.gameserver.GameServer	----------------------------------------=[ Scripting Engine ]
2025.11.19 16:06:57,560	INFO	1	org.classiclude.gameserver.scripting.ScriptEngineManager	Loaded 821 files to exclude.
2025.11.19 16:06:57,560	INFO	1	org.classiclude.gameserver.GameServer	--------------------------------------------------=[ Skills ]
2025.11.19 16:07:00,432	INFO	1	handlers.EffectMasterHandler	EffectMasterHandler: Loaded 377 effect handlers.
2025.11.19 16:07:00,544	INFO	1	org.classiclude.gameserver.data.xml.EnchantSkillGroupsData	EnchantSkillGroupsData: Loaded 30 enchant routes, max enchant set to 30.
2025.11.19 16:07:07,551	INFO	1	org.classiclude.gameserver.data.xml.SkillData	SkillData: Loaded 126695 Skills.
2025.11.19 16:07:08,345	INFO	1	org.classiclude.gameserver.data.xml.SkillTreeData	SkillTreeData: Loaded 13708 Class skills for 89 class skill trees.
2025.11.19 16:07:08,345	INFO	1	org.classiclude.gameserver.data.xml.SkillTreeData	SkillTreeData: Loaded 0 sub-class skills.
2025.11.19 16:07:08,346	INFO	1	org.classiclude.gameserver.data.xml.SkillTreeData	SkillTreeData: Loaded 0 dual-class skills.
2025.11.19 16:07:08,346	INFO	1	org.classiclude.gameserver.data.xml.SkillTreeData	SkillTreeData: Loaded 0 transfer skills for 0 transfer skill trees.
2025.11.19 16:07:08,346	INFO	1	org.classiclude.gameserver.data.xml.SkillTreeData	SkillTreeData: Loaded 0 race skills for 0 race skill trees.
2025.11.19 16:07:08,347	INFO	1	org.classiclude.gameserver.data.xml.SkillTreeData	SkillTreeData: Loaded 117 fishing skills, 8 Dwarven only fishing skills.
2025.11.19 16:07:08,347	INFO	1	org.classiclude.gameserver.data.xml.SkillTreeData	SkillTreeData: Loaded 0 collect skills.
2025.11.19 16:07:08,353	INFO	1	org.classiclude.gameserver.data.xml.SkillTreeData	SkillTreeData: Loaded 64 clan skills, 64 for clan and 0 residential.
2025.11.19 16:07:08,353	INFO	1	org.classiclude.gameserver.data.xml.SkillTreeData	SkillTreeData: Loaded 18 sub-pledge skills.
2025.11.19 16:07:08,353	INFO	1	org.classiclude.gameserver.data.xml.SkillTreeData	SkillTreeData: Loaded 32 transform skills.
2025.11.19 16:07:08,354	INFO	1	org.classiclude.gameserver.data.xml.SkillTreeData	SkillTreeData: Loaded 8 noble skills.
2025.11.19 16:07:08,354	INFO	1	org.classiclude.gameserver.data.xml.SkillTreeData	SkillTreeData: Loaded 5 hero skills.
2025.11.19 16:07:08,354	INFO	1	org.classiclude.gameserver.data.xml.SkillTreeData	SkillTreeData: Loaded 34 game master skills.
2025.11.19 16:07:08,354	INFO	1	org.classiclude.gameserver.data.xml.SkillTreeData	SkillTreeData: Loaded 1 game master aura skills.
2025.11.19 16:07:08,355	INFO	1	org.classiclude.gameserver.data.xml.SkillTreeData	SkillTreeData: Loaded 0 ability skills.
2025.11.19 16:07:08,355	INFO	1	org.classiclude.gameserver.data.xml.SkillTreeData	SkillTreeData: Loaded 0 alchemy skills.
2025.11.19 16:07:08,355	INFO	1	org.classiclude.gameserver.data.xml.SkillTreeData	SkillTreeData: Loaded 0 class awaken save skills.
2025.11.19 16:07:08,355	INFO	1	org.classiclude.gameserver.data.xml.SkillTreeData	SkillTreeData: Loaded 0 Revelation skills.
2025.11.19 16:07:08,356	INFO	1	org.classiclude.gameserver.data.xml.SkillTreeData	SkillTreeData: Loaded 16 common skills.
2025.11.19 16:07:08,399	INFO	1	org.classiclude.gameserver.data.xml.PetSkillData	PetSkillData: Loaded 1046 skills.
2025.11.19 16:07:08,400	INFO	1	org.classiclude.gameserver.GameServer	---------------------------------------------------=[ World ]
2025.11.19 16:07:08,531	INFO	1	org.classiclude.gameserver.instancemanager.MapRegionManager	MapRegionManager: Loaded 57 map regions.
2025.11.19 16:07:08,539	INFO	1	org.classiclude.gameserver.instancemanager.ZoneManager	ZoneManager 19 by 18 Zone Region Grid set up.
2025.11.19 16:07:08,742	WARNING	1	org.classiclude.gameserver.data.xml.ItemData	Dir C:\Users\elcam\Desktop\Classic Lude\Server Source\ClassicLude\dist\game\data\stats\items\custom does not exist.
2025.11.19 16:07:11,766	INFO	1	org.classiclude.gameserver.data.xml.ItemData	ItemData: Highest item id used: 90726
2025.11.19 16:07:11,780	INFO	1	org.classiclude.gameserver.data.xml.ItemData	ItemData: Loaded 21745 Etc Items
2025.11.19 16:07:11,780	INFO	1	org.classiclude.gameserver.data.xml.ItemData	ItemData: Loaded 11226 Armor Items
2025.11.19 16:07:11,780	INFO	1	org.classiclude.gameserver.data.xml.ItemData	ItemData: Loaded 8662 Weapon Items
2025.11.19 16:07:11,781	INFO	1	org.classiclude.gameserver.data.xml.ItemData	ItemData: Loaded 41633 Items in total.
2025.11.19 16:07:17,147	INFO	1	org.classiclude.gameserver.data.xml.NpcData	NpcData: Loaded 15173 NPCs.
2025.11.19 16:07:17,205	INFO	1	org.classiclude.gameserver.data.xml.NpcData	NpcData: Loaded 18 custom NPCs.
2025.11.19 16:07:17,210	INFO	1	org.classiclude.gameserver.instancemanager.GrandBossManager	GrandBossManager: Gigantic Chaos Golem(25512) status is 0.
2025.11.19 16:07:17,211	INFO	1	org.classiclude.gameserver.instancemanager.GrandBossManager	GrandBossManager: Queen Ant(29001) status is 0.
2025.11.19 16:07:17,212	INFO	1	org.classiclude.gameserver.instancemanager.GrandBossManager	GrandBossManager: Core(29006) status is 0.
2025.11.19 16:07:17,212	INFO	1	org.classiclude.gameserver.instancemanager.GrandBossManager	GrandBossManager: Orfen(29014) status is 0.
2025.11.19 16:07:17,212	INFO	1	org.classiclude.gameserver.instancemanager.GrandBossManager	GrandBossManager: Baium(29020) status is 0.
2025.11.19 16:07:17,213	INFO	1	org.classiclude.gameserver.instancemanager.GrandBossManager	GrandBossManager: Zaken(29022) status is 0.
2025.11.19 16:07:17,213	INFO	1	org.classiclude.gameserver.instancemanager.GrandBossManager	GrandBossManager: Valakas(29028) status is 0.
2025.11.19 16:07:17,213	INFO	1	org.classiclude.gameserver.instancemanager.GrandBossManager	GrandBossManager: Frintezza(29045) status is 0.
2025.11.19 16:07:17,214	INFO	1	org.classiclude.gameserver.instancemanager.GrandBossManager	GrandBossManager: Antharas(29068) status is 0.
2025.11.19 16:07:17,215	INFO	1	org.classiclude.gameserver.instancemanager.GrandBossManager	GrandBossManager: Loaded 9 Instances
2025.11.19 16:07:17,220	INFO	1	org.classiclude.gameserver.instancemanager.GrandBossManager	Adding BossZone with ID: 12003, Name: null
2025.11.19 16:07:17,221	INFO	1	org.classiclude.gameserver.instancemanager.GrandBossManager	Adding BossZone with ID: 12004, Name: null
2025.11.19 16:07:17,221	INFO	1	org.classiclude.gameserver.instancemanager.GrandBossManager	Adding BossZone with ID: 12005, Name: null
2025.11.19 16:07:17,222	INFO	1	org.classiclude.gameserver.instancemanager.GrandBossManager	Adding BossZone with ID: 12006, Name: null
2025.11.19 16:07:17,222	INFO	1	org.classiclude.gameserver.instancemanager.GrandBossManager	Adding BossZone with ID: 12007, Name: null
2025.11.19 16:07:17,222	INFO	1	org.classiclude.gameserver.instancemanager.GrandBossManager	Adding BossZone with ID: 12008, Name: null
2025.11.19 16:07:17,223	INFO	1	org.classiclude.gameserver.instancemanager.GrandBossManager	Adding BossZone with ID: 12009, Name: null
2025.11.19 16:07:17,223	INFO	1	org.classiclude.gameserver.instancemanager.GrandBossManager	Adding BossZone with ID: 12010, Name: null
2025.11.19 16:07:17,224	INFO	1	org.classiclude.gameserver.instancemanager.GrandBossManager	Adding BossZone with ID: 12011, Name: null
2025.11.19 16:07:17,224	INFO	1	org.classiclude.gameserver.instancemanager.GrandBossManager	Adding BossZone with ID: 12012, Name: null
2025.11.19 16:07:17,224	INFO	1	org.classiclude.gameserver.instancemanager.GrandBossManager	Adding BossZone with ID: 12014, Name: null
2025.11.19 16:07:17,225	INFO	1	org.classiclude.gameserver.instancemanager.GrandBossManager	Adding BossZone with ID: 12015, Name: null
2025.11.19 16:07:17,225	INFO	1	org.classiclude.gameserver.instancemanager.GrandBossManager	Adding BossZone with ID: 12016, Name: null
2025.11.19 16:07:17,720	INFO	1	org.classiclude.gameserver.instancemanager.ZoneManager	ZoneManager: Loaded 34 zone classes and 2789 zones.
2025.11.19 16:07:17,725	INFO	1	org.classiclude.gameserver.instancemanager.ZoneManager	ZoneManager: Last static id 200224.
2025.11.19 16:07:17,727	INFO	1	org.classiclude.gameserver.instancemanager.GrandBossManager	GrandBossManager: Initialized 13 Grand Boss Zones
2025.11.19 16:07:18,066	INFO	1	org.classiclude.gameserver.data.xml.DoorData	DoorData: Loaded 1180 doors.
2025.11.19 16:07:18,079	INFO	1	FenceData	FenceData: Loaded 1 fences.
2025.11.19 16:07:18,103	INFO	1	org.classiclude.gameserver.instancemanager.GlobalVariablesManager	GlobalVariablesManager: Loaded 8 variables.
2025.11.19 16:07:18,103	INFO	1	org.classiclude.gameserver.GameServer	----------------------------------------------------=[ Data ]
2025.11.19 16:07:18,115	INFO	1	org.classiclude.gameserver.data.xml.ActionData	ActionData: Loaded 242 player actions.
2025.11.19 16:07:18,146	INFO	1	org.classiclude.gameserver.data.xml.CategoryData	CategoryData: Loaded 215 categories.
2025.11.19 16:07:18,162	INFO	1	org.classiclude.gameserver.data.xml.SecondaryAuthData	SecondaryAuthData: Loaded 328 forbidden passwords.
2025.11.19 16:07:18,197	INFO	1	org.classiclude.gameserver.data.xml.CombinationItemsData	CombinationItemsData: Loaded 855 combinations.
2025.11.19 16:07:18,205	INFO	1	org.classiclude.gameserver.data.xml.SayuneData	SayuneData: Loaded 0 maps.
2025.11.19 16:07:18,410	INFO	1	handlers.DailyMissionMasterHandler	DailyMissionMasterHandler: Loaded 9 handlers.
2025.11.19 16:07:18,445	INFO	1	org.classiclude.gameserver.data.xml.DailyMissionData	DailyMissionData: Loaded 87 one day rewards.
2025.11.19 16:07:18,467	INFO	1	org.classiclude.gameserver.GameServer	---------------------------------------------=[ Vote System ]
2025.11.19 16:07:18,476	INFO	1	org.classiclude.gameserver.data.xml.VoteSiteData	Loaded 11 reward sites
2025.11.19 16:07:18,484	INFO	1	org.classiclude.gameserver.GameServer	---------------------------------------------------=[ Items ]
2025.11.19 16:07:18,637	INFO	1	org.classiclude.gameserver.data.xml.EnchantItemGroupsData	EnchantItemGroupsData: Loaded 4 item group templates.
2025.11.19 16:07:18,637	INFO	1	org.classiclude.gameserver.data.xml.EnchantItemGroupsData	EnchantItemGroupsData: Loaded 1 scroll group templates.
2025.11.19 16:07:18,638	INFO	1	org.classiclude.gameserver.data.xml.EnchantItemGroupsData	EnchantItemGroupsData: Max weapon enchant is set to 30.
2025.11.19 16:07:18,638	INFO	1	org.classiclude.gameserver.data.xml.EnchantItemGroupsData	EnchantItemGroupsData: Max armor enchant is set to 30.
2025.11.19 16:07:18,638	INFO	1	org.classiclude.gameserver.data.xml.EnchantItemGroupsData	EnchantItemGroupsData: Max accessory enchant is set to 30.
2025.11.19 16:07:18,659	INFO	1	org.classiclude.gameserver.data.xml.EnchantItemData	EnchantItemData: Loaded 247 enchant scrolls.
2025.11.19 16:07:18,660	INFO	1	org.classiclude.gameserver.data.xml.EnchantItemData	EnchantItemData: Loaded 100 support items.
2025.11.19 16:07:20,714	INFO	1	org.classiclude.gameserver.data.xml.OptionData	OptionData: Loaded 34053 options.
2025.11.19 16:07:20,741	INFO	1	org.classiclude.gameserver.data.xml.EnchantItemOptionsData	EnchantItemOptionsData: Loaded 60 items and 1491 options.
2025.11.19 16:07:20,752	INFO	1	org.classiclude.commons.util.IXmlReader	ElementalAttributeData: Loaded 0 elemental attribute items.
2025.11.19 16:07:20,759	INFO	1	org.classiclude.gameserver.data.xml.ItemCrystallizationData	ItemCrystallizationData: Loaded 12 crystallization templates.
2025.11.19 16:07:20,759	INFO	1	org.classiclude.gameserver.data.xml.ItemCrystallizationData	ItemCrystallizationData: Loaded 0 pre-defined crystallizable items.
2025.11.19 16:07:20,774	INFO	1	org.classiclude.gameserver.data.xml.ItemCrystallizationData	ItemCrystallizationData: Generated 0 crystallizable items from templates.
2025.11.19 16:07:20,918	INFO	1	VariationData	VariationData: Loaded 120 variations.
2025.11.19 16:07:20,918	INFO	1	VariationData	VariationData: Loaded 4717 fees.
2025.11.19 16:07:20,925	INFO	1	org.classiclude.gameserver.data.xml.EnchantItemHPBonusData	EnchantItemHPBonusData: Loaded 11 enchant HP bonuses.
2025.11.19 16:07:23,370	INFO	1	org.classiclude.gameserver.data.xml.BuyListData	BuyListData: Loaded 842 buyLists.
2025.11.19 16:07:24,136	INFO	1	org.classiclude.gameserver.data.xml.MultisellData	MultisellData: Loaded 189 multisell lists.
2025.11.19 16:07:24,216	INFO	1	org.classiclude.gameserver.data.xml.RecipeData	RecipeData: Loaded 870 recipes.
2025.11.19 16:07:24,282	INFO	1	org.classiclude.gameserver.data.xml.ArmorSetData	ArmorSetData: Loaded 317 armor sets.
2025.11.19 16:07:24,301	INFO	1	org.classiclude.commons.util.IXmlReader	FishData: Loaded 278 fishes.
2025.11.19 16:07:24,309	INFO	1	org.classiclude.commons.util.IXmlReader	FishingMonstersData: Loaded 8 fishing monsters.
2025.11.19 16:07:24,315	INFO	1	org.classiclude.commons.util.IXmlReader	FishingRodsData: Loaded 6 fishing rods.
2025.11.19 16:07:24,381	INFO	1	org.classiclude.gameserver.data.xml.HennaData	HennaData: Loaded 372 henna data.
2025.11.19 16:07:24,390	INFO	1	org.classiclude.gameserver.data.xml.PrimeShopData	PrimeShopData: Loaded 6 items.
2025.11.19 16:07:24,439	INFO	1	org.classiclude.gameserver.data.xml.AppearanceItemData	AppearanceItemData: Loaded 1216 stones.
2025.11.19 16:07:24,452	INFO	1	org.classiclude.gameserver.data.xml.AttendanceRewardData	AttendanceRewardData: Disabled.
2025.11.19 16:07:24,459	INFO	1	org.classiclude.gameserver.data.xml.VipData	VipData: Loaded 8 vips.
2025.11.19 16:07:24,461	INFO	1	org.classiclude.gameserver.GameServer	----------------------------------------------=[ Characters ]
2025.11.19 16:07:24,472	INFO	1	org.classiclude.gameserver.data.xml.ClassListData	ClassListData: Loaded 153 class data.
2025.11.19 16:07:24,479	INFO	1	org.classiclude.gameserver.data.xml.InitialEquipmentData	InitialEquipmentData: Loaded 9 initial equipment data.
2025.11.19 16:07:24,487	INFO	1	org.classiclude.gameserver.data.xml.InitialShortcutData	InitialShortcutData: Loaded 5 initial global shortcuts data.
2025.11.19 16:07:24,488	INFO	1	org.classiclude.gameserver.data.xml.InitialShortcutData	InitialShortcutData: Loaded 4 initial shortcuts data.
2025.11.19 16:07:24,488	INFO	1	org.classiclude.gameserver.data.xml.InitialShortcutData	InitialShortcutData: Loaded 0 macro presets.
2025.11.19 16:07:24,494	INFO	1	org.classiclude.gameserver.data.xml.ExperienceData	ExperienceData: Loaded 81 levels.
2025.11.19 16:07:24,495	INFO	1	org.classiclude.gameserver.data.xml.ExperienceData	ExperienceData: Max Player Level is 80.
2025.11.19 16:07:24,495	INFO	1	org.classiclude.gameserver.data.xml.ExperienceData	ExperienceData: Max Pet Level is 80.
2025.11.19 16:07:24,507	INFO	1	org.classiclude.gameserver.data.xml.KarmaData	KarmaData: Loaded 80 karma modifiers.
2025.11.19 16:07:24,512	INFO	1	org.classiclude.gameserver.data.xml.HitConditionBonusData	HitConditionBonusData: Loaded hit condition bonuses.
2025.11.19 16:07:25,094	INFO	1	org.classiclude.gameserver.data.xml.PlayerTemplateData	PlayerTemplateData: Loaded 89 character templates.
2025.11.19 16:07:25,094	INFO	1	org.classiclude.gameserver.data.xml.PlayerTemplateData	PlayerTemplateData: Loaded 42720 level up gain records.
2025.11.19 16:07:25,101	INFO	1	org.classiclude.gameserver.data.sql.CharInfoTable	CharInfoTable: Loaded 10 char names.
2025.11.19 16:07:25,106	INFO	1	org.classiclude.gameserver.data.sql.PartyMatchingHistoryTable	PartyMatchingHistoryTable: Loaded 0 party matching history data.
2025.11.19 16:07:25,116	INFO	1	org.classiclude.gameserver.data.xml.AdminData	AdminData: Loaded 10 access levels.
2025.11.19 16:07:25,127	INFO	1	org.classiclude.gameserver.data.xml.AdminData	AdminData: Loaded 460 access commands.
2025.11.19 16:07:26,049	INFO	1	org.classiclude.gameserver.data.xml.PetDataTable	PetDataTable: Loaded 56 pets.
2025.11.19 16:07:26,124	INFO	1	org.classiclude.gameserver.data.xml.CubicData	CubicData: Loaded 21 cubics.
2025.11.19 16:07:27,064	INFO	1	org.classiclude.gameserver.instancemanager.CaptchaManager	CaptchaManager: Enabled.
2025.11.19 16:07:27,105	INFO	1	org.classiclude.gameserver.GameServer	---------------------------------------------------=[ Clans ]
2025.11.19 16:07:27,129	INFO	1	org.classiclude.gameserver.communitybbs.Manager.ForumsBBSManager	ForumsBBSManager: Loaded 5 forums. Last forum id used: 5
2025.11.19 16:07:27,160	INFO	1	org.classiclude.gameserver.data.sql.ClanTable	ClanTable: Restored 1 clans from the database.
2025.11.19 16:07:27,172	INFO	1	org.classiclude.gameserver.data.xml.ResidenceFunctionsData	ResidenceFunctionsData: Loaded 8 functions.
2025.11.19 16:07:27,474	INFO	1	org.classiclude.gameserver.data.xml.ClanHallData	ClanHallData: Succesfully loaded 38 clan halls.
2025.11.19 16:07:27,477	INFO	1	org.classiclude.gameserver.instancemanager.ClanHallAuctionManager	ClanHallAuctionManager: Clan Hall Auction has started!
2025.11.19 16:07:27,503	INFO	1	org.classiclude.gameserver.GameServer	-------------------------------------------------=[ Geodata ]
2025.11.19 16:07:29,571	INFO	1	org.classiclude.gameserver.geoengine.GeoEngine	GeoEngine: Loaded 166 regions.
2025.11.19 16:07:29,572	INFO	1	org.classiclude.gameserver.GameServer	----------------------------------------------------=[ NPCs ]
2025.11.19 16:07:29,597	INFO	1	org.classiclude.gameserver.data.xml.LevelUpCrystalData	Soul crystal data : Loaded 39
2025.11.19 16:07:29,597	INFO	1	org.classiclude.gameserver.data.xml.LevelUpCrystalData	Npc leveling crystal data : Loaded 125
2025.11.19 16:07:29,600	INFO	1	org.classiclude.gameserver.data.xml.FakePlayerData	FakePlayerData: Disabled.
2025.11.19 16:07:29,602	INFO	1	org.classiclude.gameserver.instancemanager.FakePlayerChatManager	FakePlayerChatManager: Disabled.
2025.11.19 16:07:30,614	INFO	1	org.classiclude.gameserver.data.xml.SpawnData	SpawnData: Loaded 23620 spawns
2025.11.19 16:07:38,710	INFO	1	org.classiclude.gameserver.instancemanager.WalkingManager	WalkingManager: Loaded 13 walking routes.
2025.11.19 16:07:38,731	INFO	1	org.classiclude.gameserver.data.xml.StaticObjectData	StaticObjectData: Loaded 86 static object templates.
2025.11.19 16:07:38,748	INFO	1	org.classiclude.gameserver.instancemanager.ItemAuctionManager	ItemAuctionManager: Disabled.
2025.11.19 16:07:38,770	INFO	1	org.classiclude.gameserver.instancemanager.CastleManager	CastleManager: Loaded 9 castles.
2025.11.19 16:07:38,783	INFO	1	org.classiclude.gameserver.data.SchemeBufferTable	SchemeBufferTable: Loaded 1 players schemes and 60 available buffs.
2025.11.19 16:07:38,785	INFO	1	org.classiclude.gameserver.GameServer	------------------------------------------------=[ Instance ]
2025.11.19 16:07:38,797	INFO	1	org.classiclude.gameserver.instancemanager.InstanceManager	InstanceManager: Loaded 267 instance names.
2025.11.19 16:07:38,855	INFO	1	org.classiclude.gameserver.instancemanager.InstanceManager	InstanceManager: Loaded 7 instance templates.
2025.11.19 16:07:38,856	INFO	1	org.classiclude.gameserver.instancemanager.InstanceManager	InstanceManager: Loaded instance reenter times for 0 players.
2025.11.19 16:07:38,858	INFO	1	org.classiclude.gameserver.GameServer	------------------------------------------------=[ Olympiad ]
2025.11.19 16:07:38,870	INFO	1	org.classiclude.gameserver.model.olympiad.Olympiad	Olympiad System: Loading....
2025.11.19 16:07:38,870	INFO	1	org.classiclude.gameserver.model.olympiad.Olympiad	Olympiad System: Currently in Olympiad Period
2025.11.19 16:07:38,870	INFO	1	org.classiclude.gameserver.model.olympiad.Olympiad	Olympiad System: 5 days, 19 hours and 52 mins until period ends.
2025.11.19 16:07:38,871	INFO	1	org.classiclude.gameserver.model.olympiad.Olympiad	Olympiad System: Next weekly change is in 2 days, 11 hours and 19 mins.
2025.11.19 16:07:38,871	INFO	1	org.classiclude.gameserver.model.olympiad.Olympiad	Olympiad System: Loaded 0 Nobles
2025.11.19 16:07:38,879	INFO	1	org.classiclude.gameserver.model.olympiad.Olympiad	Olympiad System: Competition Period Starts in 0 days, 1 hours and 52 mins.
2025.11.19 16:07:38,895	INFO	1	org.classiclude.gameserver.model.olympiad.Olympiad	Olympiad System: Event starts/started: Wed Nov 19 18:00:38 CET 2025
2025.11.19 16:07:38,902	INFO	1	org.classiclude.gameserver.model.olympiad.Hero	Hero System: Loaded 0 Heroes.
2025.11.19 16:07:38,902	INFO	1	org.classiclude.gameserver.model.olympiad.Hero	Hero System: Loaded 0 all time Heroes.
2025.11.19 16:07:38,902	INFO	1	org.classiclude.gameserver.GameServer	---------------------------------------------------=[ Cache ]
2025.11.19 16:07:38,910	INFO	1	org.classiclude.gameserver.cache.HtmCache	Html cache start...
2025.11.19 16:07:55,667	INFO	1	org.classiclude.gameserver.cache.HtmCache	Cache[HTML]: 9,410 megabytes on 20404 files loaded.
2025.11.19 16:07:55,673	INFO	1	org.classiclude.gameserver.data.sql.CrestTable	CrestTable: Loaded 0 Crests.
2025.11.19 16:07:55,993	INFO	1	org.classiclude.gameserver.data.xml.TeleporterData	TeleporterData: Loaded 121 npc teleporters.
2025.11.19 16:07:56,012	INFO	1	org.classiclude.gameserver.instancemanager.CursedWeaponsManager	CursedWeaponsManager: Loaded 2 cursed weapons.
2025.11.19 16:07:56,975	INFO	1	org.classiclude.gameserver.data.xml.TransformData	TransformData: Loaded 174 transform templates.
2025.11.19 16:07:56,990	INFO	1	org.classiclude.gameserver.data.BotReportTable	BotReportTable: Loaded 0 bot reports
2025.11.19 16:07:56,992	INFO	1	org.classiclude.gameserver.GameServer	-------------------------------------------------=[ Scripts ]
2025.11.19 16:07:57,012	INFO	1	org.classiclude.gameserver.instancemanager.AirShipManager	AirShipManager: Loaded 0 private airships
2025.11.19 16:07:57,041	INFO	1	org.classiclude.gameserver.data.xml.ShuttleData	ShuttleData: Loaded 1 shuttles.
2025.11.19 16:07:57,041	INFO	1	org.classiclude.gameserver.GameServer	GameServer: Loading server scripts:
2025.11.19 16:07:58,191	INFO	1	handlers.MasterHandler	Loading Handlers...
2025.11.19 16:07:58,447	INFO	1	handlers.MasterHandler	ActionHandler: Loaded 10 handlers.
2025.11.19 16:07:58,447	INFO	1	handlers.MasterHandler	ActionShiftHandler: Loaded 6 handlers.
2025.11.19 16:07:58,447	INFO	1	handlers.MasterHandler	AdminCommandHandler: Loaded 452 handlers.
2025.11.19 16:07:58,447	INFO	1	handlers.MasterHandler	BypassHandler: Loaded 42 handlers.
2025.11.19 16:07:58,447	INFO	1	handlers.MasterHandler	ChatHandler: Loaded 14 handlers.
2025.11.19 16:07:58,448	INFO	1	handlers.MasterHandler	CommunityBoardHandler: Loaded 26 handlers.
2025.11.19 16:07:58,448	INFO	1	handlers.MasterHandler	ItemHandler: Loaded 31 handlers.
2025.11.19 16:07:58,448	INFO	1	handlers.MasterHandler	PunishmentHandler: Loaded 3 handlers.
2025.11.19 16:07:58,448	INFO	1	handlers.MasterHandler	UserCommandHandler: Loaded 16 handlers.
2025.11.19 16:07:58,448	INFO	1	handlers.MasterHandler	VoicedCommandHandler: Loaded 14 handlers.
2025.11.19 16:07:58,448	INFO	1	handlers.MasterHandler	TargetHandler: Loaded 21 handlers.
2025.11.19 16:07:58,448	INFO	1	handlers.MasterHandler	AffectObjectHandler: Loaded 11 handlers.
2025.11.19 16:07:58,448	INFO	1	handlers.MasterHandler	AffectScopeHandler: Loaded 19 handlers.
2025.11.19 16:07:58,448	INFO	1	handlers.MasterHandler	PlayerActionHandler: Loaded 24 handlers.
2025.11.19 16:07:58,448	INFO	1	handlers.MasterHandler	Handlers Loaded...
2025.11.19 16:08:26,676	INFO	1	ai.areas.ImperialTomb.FourSepulchers.FourSepulchers	[Four Sepulchers] Loaded 762 spawn zones data.
2025.11.19 16:08:26,943	INFO	1	ai.others.ClassMaster.ClassMaster	ClassMaster: Loaded 1 class change options.
2025.11.19 16:08:26,976	INFO	1	org.classiclude.gameserver.model.sevensigns.SevenSigns	SevenSigns: Currently in the Competition (Quest Event) period!
2025.11.19 16:08:26,977	INFO	1	org.classiclude.gameserver.model.sevensigns.SevenSigns	SevenSigns: The Seal of Avarice remains unclaimed.
2025.11.19 16:08:26,977	INFO	1	org.classiclude.gameserver.model.sevensigns.SevenSigns	SevenSigns: The Seal of Gnosis remains unclaimed.
2025.11.19 16:08:26,977	INFO	1	org.classiclude.gameserver.model.sevensigns.SevenSigns	SevenSigns: The Seal of Strife remains unclaimed.
2025.11.19 16:08:26,977	INFO	1	org.classiclude.gameserver.model.sevensigns.SevenSigns	SevenSigns: The competition, if the current trend continues, will end in a tie this week.
2025.11.19 16:08:26,977	INFO	1	org.classiclude.gameserver.model.sevensigns.SevenSigns	SevenSigns: Next period change set to Mon Nov 24 18:00:26 CET 2025
2025.11.19 16:08:26,981	INFO	1	org.classiclude.gameserver.model.sevensigns.SevenSigns	SevenSigns: Next period begins in 5 days, 1 hours and 51 mins.
2025.11.19 16:08:27,030	INFO	1	org.classiclude.commons.util.IXmlReader	NpcBuffersData: Loaded 10 buffers data.
2025.11.19 16:08:27,094	INFO	1	org.classiclude.gameserver.instancemanager.QuestManager	Replaced script ToIVortex with a new version!
2025.11.19 16:08:27,307	INFO	1	org.classiclude.gameserver.model.quest.Quest	Event Happy Hours has passed... Ignored 
2025.11.19 16:08:27,318	INFO	1	org.classiclude.gameserver.model.quest.Quest	Event Merry Squashmas Event has passed... Ignored 
2025.11.19 16:08:27,329	INFO	1	org.classiclude.gameserver.model.quest.Quest	Event Rudolphs Blessing has passed... Ignored 
2025.11.19 16:08:27,344	INFO	1	org.classiclude.gameserver.model.quest.Quest	Event Squash Event has passed... Ignored 
2025.11.19 16:08:27,354	INFO	1	org.classiclude.gameserver.model.quest.Quest	Event The Power Of Love has passed... Ignored 
2025.11.19 16:08:27,371	INFO	1	org.classiclude.gameserver.model.quest.Quest	Event Watermelon Ninja has passed... Ignored 
2025.11.19 16:08:28,296	INFO	1	org.classiclude.gameserver.data.xml.SpawnData	SpawnData: Initializing spawns...
2025.11.19 16:08:28,886	INFO	77	ai.bosses.Zaken.Zaken	Zaken door id 21240006 opened, game time 00.00.
2025.11.19 16:08:29,052	INFO	1	org.classiclude.gameserver.instancemanager.DBSpawnManager	DBSpawnManager: Loaded 184 instances.
2025.11.19 16:08:29,053	INFO	1	org.classiclude.gameserver.instancemanager.DBSpawnManager	DBSpawnManager: Scheduled 0 instances.
2025.11.19 16:08:35,965	INFO	1	org.classiclude.gameserver.data.xml.SpawnData	SpawnData: All spawns has been initialized!
2025.11.19 16:08:35,991	INFO	1	org.classiclude.gameserver.instancemanager.DimensionalRiftManager	DimensionalRiftManager: Loaded 7 room types with 56 rooms.
2025.11.19 16:08:36,006	INFO	1	org.classiclude.gameserver.instancemanager.DimensionalRiftManager	DimensionalRiftManager: Loaded 462 dimensional rift spawns, 0 errors.
2025.11.19 16:08:36,007	INFO	1	org.classiclude.gameserver.GameServer	---------------------------------------------------=[ Siege ]
2025.11.19 16:08:36,031	INFO	1	org.classiclude.gameserver.data.xml.SiegeScheduleData	SiegeScheduleData: Loaded 9 siege schedulers.
2025.11.19 16:08:36,032	INFO	1	org.classiclude.gameserver.model.siege.Siege	Siege of Gludio: Sun Nov 30 16:00:00 CET 2025
2025.11.19 16:08:36,035	INFO	1	org.classiclude.gameserver.model.siege.Siege	Siege of Dion: Sun Nov 30 20:00:00 CET 2025
2025.11.19 16:08:36,036	INFO	1	org.classiclude.gameserver.model.siege.Siege	Siege of Giran: Sun Nov 30 16:00:00 CET 2025
2025.11.19 16:08:36,037	INFO	1	org.classiclude.gameserver.model.siege.Siege	Siege of Oren: Sun Nov 30 20:00:00 CET 2025
2025.11.19 16:08:36,038	INFO	1	org.classiclude.gameserver.model.siege.Siege	Siege of Aden: Sun Nov 30 16:00:00 CET 2025
2025.11.19 16:08:36,038	INFO	1	org.classiclude.gameserver.model.siege.Siege	Siege of Innadril: Sun Nov 30 20:00:00 CET 2025
2025.11.19 16:08:36,039	INFO	1	org.classiclude.gameserver.model.siege.Siege	Siege of Goddard: Sun Nov 30 16:00:00 CET 2025
2025.11.19 16:08:36,040	INFO	1	org.classiclude.gameserver.model.siege.Siege	Siege of Rune: Sun Nov 30 20:00:00 CET 2025
2025.11.19 16:08:36,041	INFO	1	org.classiclude.gameserver.model.siege.Siege	Siege of Schuttgart: Sun Nov 30 16:00:00 CET 2025
2025.11.19 16:08:36,065	INFO	1	org.classiclude.gameserver.instancemanager.CastleManorManager	CastleManorManager: Loaded 258 seeds.
2025.11.19 16:08:36,076	INFO	1	org.classiclude.gameserver.instancemanager.CastleManorManager	CastleManorManager: Manor data loaded.
2025.11.19 16:08:36,090	INFO	1	org.classiclude.gameserver.instancemanager.SiegeGuardManager	SiegeGuardManager: Loaded 0 siege guards tickets.
2025.11.19 16:08:36,090	INFO	1	org.classiclude.gameserver.instancemanager.QuestManager	QuestManager: Loaded 340 quests.
2025.11.19 16:08:36,090	INFO	1	org.classiclude.gameserver.instancemanager.QuestManager	QuestManager: Loaded 133 scripts.
2025.11.19 16:08:36,104	INFO	1	org.classiclude.gameserver.instancemanager.games.MonsterRaceManager	MonsterRace: loaded 101 records, currently on race #102
2025.11.19 16:08:36,143	INFO	1	org.classiclude.gameserver.taskmanager.TaskManager	TaskManager: Loaded 6 Tasks.
2025.11.19 16:08:36,148	INFO	1	org.classiclude.gameserver.instancemanager.DailyResetManager	DailyResetManager: Daily task will run now.
2025.11.19 16:08:36,149	INFO	1	org.classiclude.gameserver.instancemanager.DailyResetManager	Starting reset of daily tasks...
2025.11.19 16:08:36,149	INFO	1	org.classiclude.gameserver.instancemanager.DailyResetManager	Clan leaders have been updated.
2025.11.19 16:08:36,172	INFO	1	org.classiclude.gameserver.instancemanager.DailyResetManager	Daily clan bonuses have been reset.
2025.11.19 16:08:36,174	INFO	1	org.classiclude.gameserver.instancemanager.DailyResetManager	Daily skill reuse cleaned.
2025.11.19 16:08:36,175	INFO	1	org.classiclude.gameserver.instancemanager.DailyResetManager	Daily item reuse cleaned.
2025.11.19 16:08:36,176	INFO	1	org.classiclude.gameserver.instancemanager.DailyResetManager	Daily world chat points have been reset.
2025.11.19 16:08:36,180	INFO	1	org.classiclude.gameserver.instancemanager.DailyResetManager	PrimeShopData have been reset.
2025.11.19 16:08:36,193	INFO	1	org.classiclude.gameserver.instancemanager.DailyResetManager	Attendance Rewards have been reset.
2025.11.19 16:08:36,193	INFO	1	org.classiclude.gameserver.instancemanager.DailyResetManager	Daily tasks reset completed.
2025.11.19 16:08:36,272	INFO	1	org.classiclude.gameserver.model.sevensigns.SevenSignsFestival	SevenSignsFestival: The first Festival of Darkness cycle begins in 2 minute(s).
2025.11.19 16:08:36,272	INFO	1	org.classiclude.gameserver.GameServer	AutoSpawnHandler: Loaded 121 handlers in total.
2025.11.19 16:08:36,280	INFO	1	org.classiclude.gameserver.instancemanager.MailManager	MailManager: Loaded 0 messages.
2025.11.19 16:08:36,289	INFO	1	org.classiclude.gameserver.instancemanager.PunishmentManager	PunishmentManager: Loaded 0 active and 0 expired punishments.
2025.11.19 16:08:36,292	INFO	1	org.classiclude.gameserver.GameServer	IdManager: Free ObjectID's remaining: 1879006983
2025.11.19 16:08:36,297	INFO	1	org.classiclude.gameserver.data.sql.OfflineTraderTable	OfflineTraderTable: Loading offline traders...
2025.11.19 16:08:36,298	INFO	1	org.classiclude.gameserver.data.sql.OfflineTraderTable	OfflineTraderTable: Loaded 0 offline traders.
2025.11.19 16:08:38,858	INFO	1	org.classiclude.gameserver.GameServer	GameServer: Started, using 2036 of 4088 MB total memory.
2025.11.19 16:08:38,858	INFO	1	org.classiclude.gameserver.GameServer	GameServer: Maximum number of connected players is 2000.
2025.11.19 16:08:38,859	INFO	1	org.classiclude.gameserver.GameServer	GameServer: Server loaded in 104 seconds.
2025.11.19 16:08:38,941	INFO	132	org.classiclude.gameserver.LoginServerThread	LoginServerThread: Connecting to login on 127.0.0.1:9014
2025.11.19 16:08:39,043	INFO	132	org.classiclude.gameserver.LoginServerThread	LoginServerThread: Registered on login as Server 1: Bartz
2025.11.19 16:13:28,890	INFO	75	ai.bosses.Zaken.Zaken	Zaken door id 21240006 closed.
2025.11.19 16:16:37,872	WARNING	91	org.classiclude.gameserver.model.actor.Creature	Master access level set for character Admin! Just a warning to be careful ;)
2025.11.19 16:16:37,950	WARNING	91	org.classiclude.gameserver.model.itemcontainer.Inventory	Could not restore item 90728 for Player:Admin[268476140]
2025.11.19 16:16:37,952	WARNING	91	org.classiclude.gameserver.model.itemcontainer.Inventory	Could not restore item 90727 for Player:Admin[268476140]
2025.11.19 16:18:45,551	WARNING	37	org.classiclude.gameserver.Shutdown	Server scheduled restart issued shutdown command. Shutdown in 1 seconds!
2025.11.19 16:18:46,567	WARNING	149	org.classiclude.gameserver.Shutdown	GM shutdown countdown is over. shutting down NOW!
2025.11.19 16:18:46,569	INFO	149	org.classiclude.gameserver.Shutdown	All players disconnected and saved(0ms).
2025.11.19 16:18:46,569	INFO	149	org.classiclude.gameserver.Shutdown	VipExpirationTaskManager: Tareas detenidas (1ms).
2025.11.19 16:18:46,569	INFO	149	org.classiclude.gameserver.Shutdown	Game Time Task Manager: Thread interruped(0ms).
2025.11.19 16:18:46,569	INFO	149	org.classiclude.commons.threads.ThreadPool	ThreadPool: Shutting down.
2025.11.19 16:18:46,573	INFO	149	org.classiclude.gameserver.Shutdown	Thread Pool Manager: Manager has been shut down(4ms).
2025.11.19 16:18:46,573	INFO	149	org.classiclude.gameserver.Shutdown	Login Server Thread: Thread interruped(0ms).
2025.11.19 16:18:46,573	INFO	149	org.classiclude.gameserver.Shutdown	GM shutdown received. Shutting down NOW!
2025.11.19 16:18:46,702	INFO	149	org.classiclude.gameserver.Shutdown	RaidBossSpawnManager: All raidboss info saved(129ms).
2025.11.19 16:18:46,709	INFO	149	org.classiclude.gameserver.Shutdown	GrandBossManager: All Grand Boss info saved(6ms).
2025.11.19 16:18:46,709	INFO	149	org.classiclude.gameserver.Shutdown	Item Auction Manager: All tasks stopped(1ms).
2025.11.19 16:18:46,711	INFO	149	org.classiclude.gameserver.Shutdown	Olympiad System: Data saved(2ms).
2025.11.19 16:18:46,712	INFO	149	org.classiclude.gameserver.Shutdown	Hero System: Data saved(1ms).
2025.11.19 16:18:46,714	INFO	149	org.classiclude.gameserver.Shutdown	Clan System: Data saved(2ms).
2025.11.19 16:18:46,717	INFO	149	org.classiclude.gameserver.Shutdown	Cursed Weapons Manager: Data saved(3ms).
2025.11.19 16:18:46,720	INFO	149	org.classiclude.gameserver.Shutdown	Castle Manor Manager: Data saved(3ms).
2025.11.19 16:18:46,721	INFO	149	org.classiclude.gameserver.Shutdown	Quest Manager: Data saved(1ms).
2025.11.19 16:18:46,731	INFO	149	org.classiclude.gameserver.instancemanager.GlobalVariablesManager	GlobalVariablesManager: Stored 8 variables.
2025.11.19 16:18:46,731	INFO	149	org.classiclude.gameserver.Shutdown	Global Variables Manager: Variables saved(10ms).
2025.11.19 16:18:46,732	INFO	149	org.classiclude.gameserver.Shutdown	Party Matching History Table: Data saved(1ms).
2025.11.19 16:18:46,761	INFO	149	org.classiclude.gameserver.Shutdown	SchemeBufferTable data has been saved.
2025.11.19 16:18:46,763	INFO	149	org.classiclude.gameserver.Shutdown	Bot Report Table: Successfully saved reports to database!
2025.11.19 16:18:46,768	INFO	149	org.classiclude.gameserver.Shutdown	Vote data has been saved
2025.11.19 16:18:46,770	INFO	149	org.classiclude.gameserver.Shutdown	Fishing Championship data has been saved.
2025.11.19 16:18:46,770	INFO	149	org.classiclude.gameserver.Shutdown	Vote data has been saved
2025.11.19 16:18:51,782	INFO	149	org.classiclude.commons.database.DatabaseFactory	Database: HikariCP pool closed successfully.
2025.11.19 16:18:51,782	INFO	149	org.classiclude.gameserver.Shutdown	Database Factory: Database connection has been shut down(4ms).
2025.11.19 16:18:51,782	INFO	149	org.classiclude.gameserver.Shutdown	The server has been successfully shut down in 5seconds.
